c:\program files (x86)\sce\orbis sdks\4.500\target\samples\sample_code\system\libhb\libhb\orbis_debug\file_info.o
c:\program files (x86)\sce\orbis sdks\4.500\target\samples\sample_code\system\libhb\libhb\orbis_debug\logger.o
c:\program files (x86)\sce\orbis sdks\4.500\target\samples\sample_code\system\libhb\libhb\orbis_debug\ps4_directory.o
c:\program files (x86)\sce\orbis sdks\4.500\target\samples\sample_code\system\libhb\libhb\orbis_debug\ps4_file.o
c:\program files (x86)\sce\orbis sdks\4.500\target\samples\sample_code\system\libhb\libhb\orbis_debug\ps4_forms.o
c:\program files (x86)\sce\orbis sdks\4.500\target\samples\sample_code\system\libhb\libhb\orbis_debug\ps4_message_box.o
c:\program files (x86)\sce\orbis sdks\4.500\target\samples\sample_code\system\libhb\libhb\orbis_debug\ps4_network.o
c:\program files (x86)\sce\orbis sdks\4.500\target\samples\sample_code\system\libhb\libhb\orbis_debug\swiss_knife.o
c:\program files (x86)\sce\orbis sdks\4.500\target\samples\sample_code\system\libhb\libhb\orbis_debug\syscall.o
c:\program files (x86)\sce\orbis sdks\4.500\target\samples\sample_code\system\libhb\libhb\orbis_debug\syscalls.o
c:\program files (x86)\sce\orbis sdks\4.500\target\samples\sample_code\system\libhb\libhb\orbis_debug\tty.o
c:\program files (x86)\sce\orbis sdks\4.500\target\samples\sample_code\system\libhb\libhb\orbis_debug\application.o
c:\program files (x86)\sce\orbis sdks\4.500\target\samples\sample_code\system\libhb\libhb\orbis_debug\console.o
c:\program files (x86)\sce\orbis sdks\4.500\target\samples\sample_code\system\libhb\libhb\orbis_debug\ps4_process.o
c:\program files (x86)\sce\orbis sdks\4.500\target\samples\sample_code\system\libhb\libhb\orbis_debug\lv2.o
c:\program files (x86)\sce\orbis sdks\4.500\target\samples\sample_code\system\libhb\libhb\orbis_debug\unjail.o
c:\program files (x86)\sce\orbis sdks\4.500\target\samples\sample_code\system\ps4_ftp\orbis_debug\libhb.a
c:\program files (x86)\sce\orbis sdks\4.500\target\samples\sample_code\system\libhb\libhb\orbis_debug\libhb.tlog\orbis-clang-cl.command.1.tlog
c:\program files (x86)\sce\orbis sdks\4.500\target\samples\sample_code\system\libhb\libhb\orbis_debug\libhb.tlog\orbis-clang-cl.read.1.tlog
c:\program files (x86)\sce\orbis sdks\4.500\target\samples\sample_code\system\libhb\libhb\orbis_debug\libhb.tlog\orbis-clang-cl.write.1.tlog
c:\program files (x86)\sce\orbis sdks\4.500\target\samples\sample_code\system\libhb\libhb\orbis_debug\libhb.tlog\orbis-snarl.command.1.tlog
c:\program files (x86)\sce\orbis sdks\4.500\target\samples\sample_code\system\libhb\libhb\orbis_debug\libhb.tlog\orbis-snarl.read.1.tlog
c:\program files (x86)\sce\orbis sdks\4.500\target\samples\sample_code\system\libhb\libhb\orbis_debug\libhb.tlog\orbis-snarl.write.1.tlog
